 _________________________________________________

 KRAKENC-Twave                                                                   
 Frequency =   10.00    Hz   NMedia =   1


     N2-LINEAR approximation to SSP
     Attenuation units: dB/mkHz
     VACUUM


   z (m)     alphaR (m/s)     betaR   rho (g/cm^3)  alphaI     betaI


          ( Number of pts =  2000  RMS roughness =   0.00     )
      0.00      1541.09      0.00     1.00       0.0000    0.0000
     10.00      1541.23      0.00     1.00       0.0000    0.0000
     20.00      1541.33      0.00     1.00       0.0000    0.0000
     30.00      1541.30      0.00     1.00       0.0000    0.0000
     40.00      1541.11      0.00     1.00       0.0000    0.0000
     50.00      1540.82      0.00     1.00       0.0000    0.0000
     60.00      1540.49      0.00     1.00       0.0000    0.0000
     70.00      1540.13      0.00     1.00       0.0000    0.0000
     80.00      1539.71      0.00     1.00       0.0000    0.0000
     90.00      1539.19      0.00     1.00       0.0000    0.0000
    100.00      1538.50      0.00     1.00       0.0000    0.0000
    110.00      1537.55      0.00     1.00       0.0000    0.0000
    120.00      1536.32      0.00     1.00       0.0000    0.0000
    130.00      1534.85      0.00     1.00       0.0000    0.0000
    140.00      1533.23      0.00     1.00       0.0000    0.0000
    150.00      1531.53      0.00     1.00       0.0000    0.0000
    160.00      1529.85      0.00     1.00       0.0000    0.0000
    170.00      1528.19      0.00     1.00       0.0000    0.0000
    180.00      1526.60      0.00     1.00       0.0000    0.0000
    190.00      1525.04      0.00     1.00       0.0000    0.0000
    200.00      1523.53      0.00     1.00       0.0000    0.0000
    210.00      1522.08      0.00     1.00       0.0000    0.0000
    220.00      1520.62      0.00     1.00       0.0000    0.0000
    230.00      1519.23      0.00     1.00       0.0000    0.0000
    240.00      1517.86      0.00     1.00       0.0000    0.0000
    250.00      1516.49      0.00     1.00       0.0000    0.0000
    260.00      1515.13      0.00     1.00       0.0000    0.0000
    270.00      1513.81      0.00     1.00       0.0000    0.0000
    280.00      1512.48      0.00     1.00       0.0000    0.0000
    290.00      1511.16      0.00     1.00       0.0000    0.0000
    300.00      1509.83      0.00     1.00       0.0000    0.0000
    310.00      1508.57      0.00     1.00       0.0000    0.0000
    320.00      1507.31      0.00     1.00       0.0000    0.0000
    330.00      1506.05      0.00     1.00       0.0000    0.0000
    340.00      1504.79      0.00     1.00       0.0000    0.0000
    350.00      1503.53      0.00     1.00       0.0000    0.0000
    360.00      1502.41      0.00     1.00       0.0000    0.0000
    370.00      1501.29      0.00     1.00       0.0000    0.0000
    380.00      1500.17      0.00     1.00       0.0000    0.0000
    390.00      1499.05      0.00     1.00       0.0000    0.0000
    400.00      1497.93      0.00     1.00       0.0000    0.0000
    410.00      1496.82      0.00     1.00       0.0000    0.0000
    420.00      1495.94      0.00     1.00       0.0000    0.0000
    430.00      1495.06      0.00     1.00       0.0000    0.0000
    440.00      1494.19      0.00     1.00       0.0000    0.0000
    450.00      1493.31      0.00     1.00       0.0000    0.0000
    460.00      1492.43      0.00     1.00       0.0000    0.0000
    470.00      1491.56      0.00     1.00       0.0000    0.0000
    480.00      1490.76      0.00     1.00       0.0000    0.0000
    490.00      1490.18      0.00     1.00       0.0000    0.0000
    500.00      1489.61      0.00     1.00       0.0000    0.0000
    510.00      1489.04      0.00     1.00       0.0000    0.0000
    520.00      1488.47      0.00     1.00       0.0000    0.0000
    530.00      1487.90      0.00     1.00       0.0000    0.0000
    540.00      1487.33      0.00     1.00       0.0000    0.0000
    550.00      1486.76      0.00     1.00       0.0000    0.0000
    560.00      1486.39      0.00     1.00       0.0000    0.0000
    570.00      1486.10      0.00     1.00       0.0000    0.0000
    580.00      1485.80      0.00     1.00       0.0000    0.0000
    590.00      1485.51      0.00     1.00       0.0000    0.0000
    600.00      1485.22      0.00     1.00       0.0000    0.0000
    610.00      1484.93      0.00     1.00       0.0000    0.0000
    620.00      1484.64      0.00     1.00       0.0000    0.0000
    630.00      1484.35      0.00     1.00       0.0000    0.0000
    640.00      1484.15      0.00     1.00       0.0000    0.0000
    650.00      1484.03      0.00     1.00       0.0000    0.0000
    660.00      1483.92      0.00     1.00       0.0000    0.0000
    670.00      1483.80      0.00     1.00       0.0000    0.0000
    680.00      1483.68      0.00     1.00       0.0000    0.0000
    690.00      1483.57      0.00     1.00       0.0000    0.0000
    700.00      1483.45      0.00     1.00       0.0000    0.0000
    710.00      1483.34      0.00     1.00       0.0000    0.0000
    720.00      1483.22      0.00     1.00       0.0000    0.0000
    730.00      1483.17      0.00     1.00       0.0000    0.0000
    740.00      1483.13      0.00     1.00       0.0000    0.0000
    750.00      1483.09      0.00     1.00       0.0000    0.0000
    760.00      1483.05      0.00     1.00       0.0000    0.0000
    770.00      1483.01      0.00     1.00       0.0000    0.0000
    780.00      1482.97      0.00     1.00       0.0000    0.0000
    790.00      1482.93      0.00     1.00       0.0000    0.0000
    800.00      1482.90      0.00     1.00       0.0000    0.0000
    810.00      1482.86      0.00     1.00       0.0000    0.0000
    820.00      1482.84      0.00     1.00       0.0000    0.0000
    830.00      1482.83      0.00     1.00       0.0000    0.0000
    840.00      1482.82      0.00     1.00       0.0000    0.0000
    850.00      1482.82      0.00     1.00       0.0000    0.0000
    860.00      1482.81      0.00     1.00       0.0000    0.0000
    870.00      1482.81      0.00     1.00       0.0000    0.0000
    880.00      1482.80      0.00     1.00       0.0000    0.0000
    890.00      1482.79      0.00     1.00       0.0000    0.0000
    900.00      1482.79      0.00     1.00       0.0000    0.0000
    910.00      1482.78      0.00     1.00       0.0000    0.0000
    920.00      1482.80      0.00     1.00       0.0000    0.0000
    930.00      1482.81      0.00     1.00       0.0000    0.0000
    940.00      1482.83      0.00     1.00       0.0000    0.0000
    950.00      1482.84      0.00     1.00       0.0000    0.0000
    960.00      1482.86      0.00     1.00       0.0000    0.0000
    970.00      1482.87      0.00     1.00       0.0000    0.0000
    980.00      1482.89      0.00     1.00       0.0000    0.0000
    990.00      1482.90      0.00     1.00       0.0000    0.0000
   1000.00      1482.92      0.00     1.00       0.0000    0.0000
   1010.00      1482.94      0.00     1.00       0.0000    0.0000
   1020.00      1482.97      0.00     1.00       0.0000    0.0000
   1030.00      1483.00      0.00     1.00       0.0000    0.0000
   1040.00      1483.03      0.00     1.00       0.0000    0.0000
   1050.00      1483.06      0.00     1.00       0.0000    0.0000
   1060.00      1483.09      0.00     1.00       0.0000    0.0000
   1070.00      1483.13      0.00     1.00       0.0000    0.0000
   1080.00      1483.16      0.00     1.00       0.0000    0.0000
   1090.00      1483.19      0.00     1.00       0.0000    0.0000
   1100.00      1483.22      0.00     1.00       0.0000    0.0000
   1110.00      1483.26      0.00     1.00       0.0000    0.0000
   1120.00      1483.30      0.00     1.00       0.0000    0.0000
   1130.00      1483.35      0.00     1.00       0.0000    0.0000
   1140.00      1483.39      0.00     1.00       0.0000    0.0000
   1150.00      1483.44      0.00     1.00       0.0000    0.0000
   1160.00      1483.48      0.00     1.00       0.0000    0.0000
   1170.00      1483.53      0.00     1.00       0.0000    0.0000
   1180.00      1483.57      0.00     1.00       0.0000    0.0000
   1190.00      1483.62      0.00     1.00       0.0000    0.0000
   1200.00      1483.66      0.00     1.00       0.0000    0.0000
   1210.00      1483.71      0.00     1.00       0.0000    0.0000
   1220.00      1483.76      0.00     1.00       0.0000    0.0000
   1230.00      1483.82      0.00     1.00       0.0000    0.0000
   1240.00      1483.87      0.00     1.00       0.0000    0.0000
   1250.00      1483.93      0.00     1.00       0.0000    0.0000
   1260.00      1483.98      0.00     1.00       0.0000    0.0000
   1270.00      1484.04      0.00     1.00       0.0000    0.0000
   1280.00      1484.09      0.00     1.00       0.0000    0.0000
   1290.00      1484.15      0.00     1.00       0.0000    0.0000
   1300.00      1484.20      0.00     1.00       0.0000    0.0000
   1310.00      1484.26      0.00     1.00       0.0000    0.0000
   1320.00      1484.33      0.00     1.00       0.0000    0.0000
   1330.00      1484.39      0.00     1.00       0.0000    0.0000
   1340.00      1484.46      0.00     1.00       0.0000    0.0000
   1350.00      1484.52      0.00     1.00       0.0000    0.0000
   1360.00      1484.58      0.00     1.00       0.0000    0.0000
   1370.00      1484.65      0.00     1.00       0.0000    0.0000
   1380.00      1484.71      0.00     1.00       0.0000    0.0000
   1390.00      1484.78      0.00     1.00       0.0000    0.0000
   1400.00      1484.84      0.00     1.00       0.0000    0.0000
   1410.00      1484.91      0.00     1.00       0.0000    0.0000
   1420.00      1484.98      0.00     1.00       0.0000    0.0000
   1430.00      1485.06      0.00     1.00       0.0000    0.0000
   1440.00      1485.13      0.00     1.00       0.0000    0.0000
   1450.00      1485.21      0.00     1.00       0.0000    0.0000
   1460.00      1485.29      0.00     1.00       0.0000    0.0000
   1470.00      1485.36      0.00     1.00       0.0000    0.0000
   1480.00      1485.44      0.00     1.00       0.0000    0.0000
   1490.00      1485.51      0.00     1.00       0.0000    0.0000
   1500.00      1485.59      0.00     1.00       0.0000    0.0000
   1510.00      1485.66      0.00     1.00       0.0000    0.0000
   1520.00      1485.74      0.00     1.00       0.0000    0.0000
   1530.00      1485.83      0.00     1.00       0.0000    0.0000
   1540.00      1485.92      0.00     1.00       0.0000    0.0000
   1550.00      1486.02      0.00     1.00       0.0000    0.0000
   1560.00      1486.11      0.00     1.00       0.0000    0.0000
   1570.00      1486.20      0.00     1.00       0.0000    0.0000
   1580.00      1486.29      0.00     1.00       0.0000    0.0000
   1590.00      1486.38      0.00     1.00       0.0000    0.0000
   1600.00      1486.47      0.00     1.00       0.0000    0.0000
   1610.00      1486.56      0.00     1.00       0.0000    0.0000
   1620.00      1486.65      0.00     1.00       0.0000    0.0000
   1630.00      1486.74      0.00     1.00       0.0000    0.0000
   1640.00      1486.84      0.00     1.00       0.0000    0.0000
   1650.00      1486.94      0.00     1.00       0.0000    0.0000
   1660.00      1487.05      0.00     1.00       0.0000    0.0000
   1670.00      1487.16      0.00     1.00       0.0000    0.0000
   1680.00      1487.26      0.00     1.00       0.0000    0.0000
   1690.00      1487.37      0.00     1.00       0.0000    0.0000
   1700.00      1487.47      0.00     1.00       0.0000    0.0000
   1710.00      1487.58      0.00     1.00       0.0000    0.0000
   1720.00      1487.69      0.00     1.00       0.0000    0.0000
   1730.00      1487.79      0.00     1.00       0.0000    0.0000
   1740.00      1487.90      0.00     1.00       0.0000    0.0000
   1750.00      1488.00      0.00     1.00       0.0000    0.0000
   1760.00      1488.11      0.00     1.00       0.0000    0.0000
   1770.00      1488.22      0.00     1.00       0.0000    0.0000
   1780.00      1488.34      0.00     1.00       0.0000    0.0000
   1790.00      1488.46      0.00     1.00       0.0000    0.0000
   1800.00      1488.58      0.00     1.00       0.0000    0.0000
   1810.00      1488.70      0.00     1.00       0.0000    0.0000
   1820.00      1488.82      0.00     1.00       0.0000    0.0000
   1830.00      1488.94      0.00     1.00       0.0000    0.0000
   1840.00      1489.07      0.00     1.00       0.0000    0.0000
   1850.00      1489.19      0.00     1.00       0.0000    0.0000
   1860.00      1489.31      0.00     1.00       0.0000    0.0000
   1870.00      1489.43      0.00     1.00       0.0000    0.0000
   1880.00      1489.55      0.00     1.00       0.0000    0.0000
   1890.00      1489.67      0.00     1.00       0.0000    0.0000
   1900.00      1489.79      0.00     1.00       0.0000    0.0000
   1910.00      1489.91      0.00     1.00       0.0000    0.0000
   1920.00      1490.03      0.00     1.00       0.0000    0.0000
   1930.00      1490.17      0.00     1.00       0.0000    0.0000
   1940.00      1490.30      0.00     1.00       0.0000    0.0000
   1950.00      1490.43      0.00     1.00       0.0000    0.0000
   1960.00      1490.56      0.00     1.00       0.0000    0.0000
   1970.00      1490.69      0.00     1.00       0.0000    0.0000
   1980.00      1490.82      0.00     1.00       0.0000    0.0000
   1990.00      1490.96      0.00     1.00       0.0000    0.0000
   2000.00      1491.09      0.00     1.00       0.0000    0.0000
   2010.00      1491.22      0.00     1.00       0.0000    0.0000
   2020.00      1491.35      0.00     1.00       0.0000    0.0000
   2030.00      1491.48      0.00     1.00       0.0000    0.0000
   2040.00      1491.62      0.00     1.00       0.0000    0.0000
   2050.00      1491.75      0.00     1.00       0.0000    0.0000
   2060.00      1491.88      0.00     1.00       0.0000    0.0000
   2070.00      1492.01      0.00     1.00       0.0000    0.0000
   2080.00      1492.14      0.00     1.00       0.0000    0.0000
   2090.00      1492.28      0.00     1.00       0.0000    0.0000
   2100.00      1492.42      0.00     1.00       0.0000    0.0000
   2110.00      1492.56      0.00     1.00       0.0000    0.0000
   2120.00      1492.70      0.00     1.00       0.0000    0.0000
   2130.00      1492.84      0.00     1.00       0.0000    0.0000
   2140.00      1492.98      0.00     1.00       0.0000    0.0000
   2150.00      1493.13      0.00     1.00       0.0000    0.0000
   2160.00      1493.27      0.00     1.00       0.0000    0.0000
   2170.00      1493.41      0.00     1.00       0.0000    0.0000
   2180.00      1493.55      0.00     1.00       0.0000    0.0000
   2190.00      1493.69      0.00     1.00       0.0000    0.0000
   2200.00      1493.83      0.00     1.00       0.0000    0.0000
   2210.00      1493.97      0.00     1.00       0.0000    0.0000
   2220.00      1494.11      0.00     1.00       0.0000    0.0000
   2230.00      1494.25      0.00     1.00       0.0000    0.0000
   2240.00      1494.39      0.00     1.00       0.0000    0.0000
   2250.00      1494.53      0.00     1.00       0.0000    0.0000
   2260.00      1494.68      0.00     1.00       0.0000    0.0000
   2270.00      1494.82      0.00     1.00       0.0000    0.0000
   2280.00      1494.96      0.00     1.00       0.0000    0.0000
   2290.00      1495.11      0.00     1.00       0.0000    0.0000
   2300.00      1495.26      0.00     1.00       0.0000    0.0000
   2310.00      1495.40      0.00     1.00       0.0000    0.0000
   2320.00      1495.55      0.00     1.00       0.0000    0.0000
   2330.00      1495.70      0.00     1.00       0.0000    0.0000
   2340.00      1495.85      0.00     1.00       0.0000    0.0000
   2350.00      1496.00      0.00     1.00       0.0000    0.0000
   2360.00      1496.15      0.00     1.00       0.0000    0.0000
   2370.00      1496.29      0.00     1.00       0.0000    0.0000
   2380.00      1496.44      0.00     1.00       0.0000    0.0000
   2390.00      1496.59      0.00     1.00       0.0000    0.0000
   2400.00      1496.74      0.00     1.00       0.0000    0.0000
   2410.00      1496.89      0.00     1.00       0.0000    0.0000
   2420.00      1497.04      0.00     1.00       0.0000    0.0000
   2430.00      1497.18      0.00     1.00       0.0000    0.0000
   2440.00      1497.33      0.00     1.00       0.0000    0.0000
   2450.00      1497.48      0.00     1.00       0.0000    0.0000
   2460.00      1497.63      0.00     1.00       0.0000    0.0000
   2470.00      1497.78      0.00     1.00       0.0000    0.0000
   2480.00      1497.93      0.00     1.00       0.0000    0.0000
   2490.00      1498.07      0.00     1.00       0.0000    0.0000
   2500.00      1498.23      0.00     1.00       0.0000    0.0000
   2510.00      1498.38      0.00     1.00       0.0000    0.0000
   2520.00      1498.54      0.00     1.00       0.0000    0.0000
   2530.00      1498.69      0.00     1.00       0.0000    0.0000
   2540.00      1498.85      0.00     1.00       0.0000    0.0000
   2550.00      1499.00      0.00     1.00       0.0000    0.0000
   2560.00      1499.16      0.00     1.00       0.0000    0.0000
   2570.00      1499.31      0.00     1.00       0.0000    0.0000
   2580.00      1499.47      0.00     1.00       0.0000    0.0000
   2590.00      1499.62      0.00     1.00       0.0000    0.0000
   2600.00      1499.77      0.00     1.00       0.0000    0.0000
   2610.00      1499.93      0.00     1.00       0.0000    0.0000
   2620.00      1500.08      0.00     1.00       0.0000    0.0000
   2630.00      1500.24      0.00     1.00       0.0000    0.0000
   2640.00      1500.39      0.00     1.00       0.0000    0.0000
   2650.00      1500.55      0.00     1.00       0.0000    0.0000
   2660.00      1500.70      0.00     1.00       0.0000    0.0000
   2670.00      1500.86      0.00     1.00       0.0000    0.0000
   2680.00      1501.01      0.00     1.00       0.0000    0.0000
   2690.00      1501.17      0.00     1.00       0.0000    0.0000
   2700.00      1501.32      0.00     1.00       0.0000    0.0000
   2710.00      1501.47      0.00     1.00       0.0000    0.0000
   2720.00      1501.63      0.00     1.00       0.0000    0.0000
   2730.00      1501.78      0.00     1.00       0.0000    0.0000
   2740.00      1501.94      0.00     1.00       0.0000    0.0000
   2750.00      1502.10      0.00     1.00       0.0000    0.0000
   2760.00      1502.26      0.00     1.00       0.0000    0.0000
   2770.00      1502.42      0.00     1.00       0.0000    0.0000
   2780.00      1502.58      0.00     1.00       0.0000    0.0000
   2790.00      1502.74      0.00     1.00       0.0000    0.0000
   2800.00      1502.90      0.00     1.00       0.0000    0.0000
   2810.00      1503.06      0.00     1.00       0.0000    0.0000
   2820.00      1503.22      0.00     1.00       0.0000    0.0000
   2830.00      1503.38      0.00     1.00       0.0000    0.0000
   2840.00      1503.54      0.00     1.00       0.0000    0.0000
   2850.00      1503.70      0.00     1.00       0.0000    0.0000
   2860.00      1503.86      0.00     1.00       0.0000    0.0000
   2870.00      1504.02      0.00     1.00       0.0000    0.0000
   2880.00      1504.18      0.00     1.00       0.0000    0.0000
   2890.00      1504.34      0.00     1.00       0.0000    0.0000
   2900.00      1504.50      0.00     1.00       0.0000    0.0000
   2910.00      1504.66      0.00     1.00       0.0000    0.0000
   2920.00      1504.82      0.00     1.00       0.0000    0.0000
   2930.00      1504.98      0.00     1.00       0.0000    0.0000
   2940.00      1505.14      0.00     1.00       0.0000    0.0000
   2950.00      1505.30      0.00     1.00       0.0000    0.0000
   2960.00      1505.46      0.00     1.00       0.0000    0.0000
   2970.00      1505.62      0.00     1.00       0.0000    0.0000
   2980.00      1505.78      0.00     1.00       0.0000    0.0000
   2990.00      1505.94      0.00     1.00       0.0000    0.0000
   3000.00      1506.11      0.00     1.00       0.0000    0.0000
   3010.00      1506.27      0.00     1.00       0.0000    0.0000
   3020.00      1506.43      0.00     1.00       0.0000    0.0000
   3030.00      1506.60      0.00     1.00       0.0000    0.0000
   3040.00      1506.76      0.00     1.00       0.0000    0.0000
   3050.00      1506.93      0.00     1.00       0.0000    0.0000
   3060.00      1507.09      0.00     1.00       0.0000    0.0000
   3070.00      1507.26      0.00     1.00       0.0000    0.0000
   3080.00      1507.42      0.00     1.00       0.0000    0.0000
   3090.00      1507.59      0.00     1.00       0.0000    0.0000
   3100.00      1507.75      0.00     1.00       0.0000    0.0000
   3110.00      1507.91      0.00     1.00       0.0000    0.0000
   3120.00      1508.08      0.00     1.00       0.0000    0.0000
   3130.00      1508.24      0.00     1.00       0.0000    0.0000
   3140.00      1508.41      0.00     1.00       0.0000    0.0000
   3150.00      1508.57      0.00     1.00       0.0000    0.0000
   3160.00      1508.74      0.00     1.00       0.0000    0.0000
   3170.00      1508.90      0.00     1.00       0.0000    0.0000
   3180.00      1509.07      0.00     1.00       0.0000    0.0000
   3190.00      1509.23      0.00     1.00       0.0000    0.0000
   3200.00      1509.40      0.00     1.00       0.0000    0.0000
   3210.00      1509.56      0.00     1.00       0.0000    0.0000
   3220.00      1509.72      0.00     1.00       0.0000    0.0000
   3230.00      1509.89      0.00     1.00       0.0000    0.0000
   3240.00      1510.05      0.00     1.00       0.0000    0.0000
   3250.00      1510.22      0.00     1.00       0.0000    0.0000
   3260.00      1510.38      0.00     1.00       0.0000    0.0000
   3270.00      1510.55      0.00     1.00       0.0000    0.0000
   3280.00      1510.71      0.00     1.00       0.0000    0.0000
   3290.00      1510.88      0.00     1.00       0.0000    0.0000
   3300.00      1511.05      0.00     1.00       0.0000    0.0000
   3310.00      1511.22      0.00     1.00       0.0000    0.0000
   3320.00      1511.39      0.00     1.00       0.0000    0.0000
   3330.00      1511.56      0.00     1.00       0.0000    0.0000
   3340.00      1511.72      0.00     1.00       0.0000    0.0000
   3350.00      1511.89      0.00     1.00       0.0000    0.0000
   3360.00      1512.06      0.00     1.00       0.0000    0.0000
   3370.00      1512.23      0.00     1.00       0.0000    0.0000
   3380.00      1512.40      0.00     1.00       0.0000    0.0000
   3390.00      1512.57      0.00     1.00       0.0000    0.0000
   3400.00      1512.73      0.00     1.00       0.0000    0.0000
   3410.00      1512.90      0.00     1.00       0.0000    0.0000
   3420.00      1513.07      0.00     1.00       0.0000    0.0000
   3430.00      1513.24      0.00     1.00       0.0000    0.0000
   3440.00      1513.41      0.00     1.00       0.0000    0.0000
   3450.00      1513.58      0.00     1.00       0.0000    0.0000
   3460.00      1513.75      0.00     1.00       0.0000    0.0000
   3470.00      1513.91      0.00     1.00       0.0000    0.0000
   3480.00      1514.08      0.00     1.00       0.0000    0.0000
   3490.00      1514.25      0.00     1.00       0.0000    0.0000
   3500.00      1514.42      0.00     1.00       0.0000    0.0000
   3510.00      1514.59      0.00     1.00       0.0000    0.0000
   3520.00      1514.76      0.00     1.00       0.0000    0.0000
   3530.00      1514.92      0.00     1.00       0.0000    0.0000
   3540.00      1515.09      0.00     1.00       0.0000    0.0000
   3550.00      1515.26      0.00     1.00       0.0000    0.0000
   3560.00      1515.43      0.00     1.00       0.0000    0.0000
   3570.00      1515.60      0.00     1.00       0.0000    0.0000
   3580.00      1515.77      0.00     1.00       0.0000    0.0000
   3590.00      1515.94      0.00     1.00       0.0000    0.0000
   3600.00      1516.11      0.00     1.00       0.0000    0.0000
   3610.00      1516.28      0.00     1.00       0.0000    0.0000
   3620.00      1516.45      0.00     1.00       0.0000    0.0000
   3630.00      1516.63      0.00     1.00       0.0000    0.0000
   3640.00      1516.80      0.00     1.00       0.0000    0.0000
   3650.00      1516.97      0.00     1.00       0.0000    0.0000
   3660.00      1517.14      0.00     1.00       0.0000    0.0000
   3670.00      1517.32      0.00     1.00       0.0000    0.0000
   3680.00      1517.49      0.00     1.00       0.0000    0.0000
   3690.00      1517.66      0.00     1.00       0.0000    0.0000
   3700.00      1517.83      0.00     1.00       0.0000    0.0000
   3710.00      1518.00      0.00     1.00       0.0000    0.0000
   3720.00      1518.18      0.00     1.00       0.0000    0.0000
   3730.00      1518.35      0.00     1.00       0.0000    0.0000
   3740.00      1518.52      0.00     1.00       0.0000    0.0000
   3750.00      1518.69      0.00     1.00       0.0000    0.0000
   3760.00      1518.86      0.00     1.00       0.0000    0.0000
   3770.00      1519.04      0.00     1.00       0.0000    0.0000
   3780.00      1519.21      0.00     1.00       0.0000    0.0000
   3790.00      1519.38      0.00     1.00       0.0000    0.0000
   3800.00      1519.55      0.00     1.00       0.0000    0.0000
   3810.00      1519.73      0.00     1.00       0.0000    0.0000
   3820.00      1519.90      0.00     1.00       0.0000    0.0000
   3830.00      1520.07      0.00     1.00       0.0000    0.0000
   3840.00      1520.24      0.00     1.00       0.0000    0.0000
   3850.00      1520.41      0.00     1.00       0.0000    0.0000
   3860.00      1520.59      0.00     1.00       0.0000    0.0000
   3870.00      1520.76      0.00     1.00       0.0000    0.0000
   3880.00      1520.93      0.00     1.00       0.0000    0.0000
   3890.00      1521.10      0.00     1.00       0.0000    0.0000
   3900.00      1521.28      0.00     1.00       0.0000    0.0000
   3910.00      1521.45      0.00     1.00       0.0000    0.0000
   3920.00      1521.62      0.00     1.00       0.0000    0.0000
   3930.00      1521.80      0.00     1.00       0.0000    0.0000
   3940.00      1521.97      0.00     1.00       0.0000    0.0000
   3950.00      1522.15      0.00     1.00       0.0000    0.0000
   3960.00      1522.32      0.00     1.00       0.0000    0.0000
   3970.00      1522.50      0.00     1.00       0.0000    0.0000
   3980.00      1522.67      0.00     1.00       0.0000    0.0000
   3990.00      1522.85      0.00     1.00       0.0000    0.0000
   4000.00      1523.02      0.00     1.00       0.0000    0.0000
   4010.00      1523.20      0.00     1.00       0.0000    0.0000
   4020.00      1523.37      0.00     1.00       0.0000    0.0000
   4030.00      1523.55      0.00     1.00       0.0000    0.0000
   4040.00      1523.72      0.00     1.00       0.0000    0.0000
   4050.00      1523.90      0.00     1.00       0.0000    0.0000
   4060.00      1524.07      0.00     1.00       0.0000    0.0000
   4070.00      1524.25      0.00     1.00       0.0000    0.0000
   4080.00      1524.42      0.00     1.00       0.0000    0.0000
   4090.00      1524.60      0.00     1.00       0.0000    0.0000
   4100.00      1524.77      0.00     1.00       0.0000    0.0000
   4110.00      1524.95      0.00     1.00       0.0000    0.0000
   4120.00      1525.13      0.00     1.00       0.0000    0.0000
   4130.00      1525.30      0.00     1.00       0.0000    0.0000
   4140.00      1525.48      0.00     1.00       0.0000    0.0000
   4150.00      1525.65      0.00     1.00       0.0000    0.0000
   4160.00      1525.83      0.00     1.00       0.0000    0.0000
   4170.00      1526.00      0.00     1.00       0.0000    0.0000
   4180.00      1526.18      0.00     1.00       0.0000    0.0000
   4190.00      1526.35      0.00     1.00       0.0000    0.0000
   4200.00      1526.53      0.00     1.00       0.0000    0.0000
   4210.00      1526.70      0.00     1.00       0.0000    0.0000
   4220.00      1526.88      0.00     1.00       0.0000    0.0000
   4230.00      1527.05      0.00     1.00       0.0000    0.0000
   4240.00      1527.23      0.00     1.00       0.0000    0.0000
   4250.00      1527.40      0.00     1.00       0.0000    0.0000
   4260.00      1527.58      0.00     1.00       0.0000    0.0000
   4270.00      1527.75      0.00     1.00       0.0000    0.0000
   4280.00      1527.93      0.00     1.00       0.0000    0.0000
   4290.00      1528.10      0.00     1.00       0.0000    0.0000
   4300.00      1528.28      0.00     1.00       0.0000    0.0000
   4310.00      1528.45      0.00     1.00       0.0000    0.0000
   4320.00      1528.63      0.00     1.00       0.0000    0.0000
   4330.00      1528.80      0.00     1.00       0.0000    0.0000
   4340.00      1528.98      0.00     1.00       0.0000    0.0000
   4350.00      1529.15      0.00     1.00       0.0000    0.0000
   4360.00      1529.33      0.00     1.00       0.0000    0.0000
   4370.00      1529.51      0.00     1.00       0.0000    0.0000
   4380.00      1529.68      0.00     1.00       0.0000    0.0000
   4390.00      1529.86      0.00     1.00       0.0000    0.0000
   4400.00      1530.03      0.00     1.00       0.0000    0.0000
   4410.00      1530.21      0.00     1.00       0.0000    0.0000
   4420.00      1530.38      0.00     1.00       0.0000    0.0000
   4430.00      1530.56      0.00     1.00       0.0000    0.0000
   4440.00      1530.73      0.00     1.00       0.0000    0.0000
   4450.00      1530.91      0.00     1.00       0.0000    0.0000
   4460.00      1531.08      0.00     1.00       0.0000    0.0000
   4470.00      1531.26      0.00     1.00       0.0000    0.0000
   4480.00      1531.43      0.00     1.00       0.0000    0.0000
   4490.00      1531.61      0.00     1.00       0.0000    0.0000
   4500.00      1531.78      0.00     1.00       0.0000    0.0000
   4510.00      1531.96      0.00     1.00       0.0000    0.0000
   4520.00      1532.13      0.00     1.00       0.0000    0.0000
   4530.00      1532.31      0.00     1.00       0.0000    0.0000
   4540.00      1532.48      0.00     1.00       0.0000    0.0000
   4550.00      1532.66      0.00     1.00       0.0000    0.0000
   4560.00      1532.83      0.00     1.00       0.0000    0.0000
   4570.00      1533.01      0.00     1.00       0.0000    0.0000
   4580.00      1533.19      0.00     1.00       0.0000    0.0000
   4590.00      1533.36      0.00     1.00       0.0000    0.0000
   4600.00      1533.54      0.00     1.00       0.0000    0.0000
   4610.00      1533.71      0.00     1.00       0.0000    0.0000
   4620.00      1533.89      0.00     1.00       0.0000    0.0000
   4630.00      1534.06      0.00     1.00       0.0000    0.0000
   4640.00      1534.24      0.00     1.00       0.0000    0.0000
   4650.00      1534.42      0.00     1.00       0.0000    0.0000
   4660.00      1534.61      0.00     1.00       0.0000    0.0000
   4670.00      1534.79      0.00     1.00       0.0000    0.0000
   4680.00      1534.98      0.00     1.00       0.0000    0.0000
   4690.00      1535.16      0.00     1.00       0.0000    0.0000
   4700.00      1535.35      0.00     1.00       0.0000    0.0000
   4710.00      1535.53      0.00     1.00       0.0000    0.0000
   4720.00      1535.72      0.00     1.00       0.0000    0.0000
   4730.00      1535.90      0.00     1.00       0.0000    0.0000
   4740.00      1536.09      0.00     1.00       0.0000    0.0000
   4750.00      1536.27      0.00     1.00       0.0000    0.0000
   4760.00      1536.46      0.00     1.00       0.0000    0.0000
   4770.00      1536.64      0.00     1.00       0.0000    0.0000
   4780.00      1536.83      0.00     1.00       0.0000    0.0000
   4790.00      1537.01      0.00     1.00       0.0000    0.0000
   4800.00      1537.19      0.00     1.00       0.0000    0.0000
   4810.00      1537.38      0.00     1.00       0.0000    0.0000
   4820.00      1537.56      0.00     1.00       0.0000    0.0000
   4830.00      1537.75      0.00     1.00       0.0000    0.0000
   4840.00      1537.93      0.00     1.00       0.0000    0.0000
   4850.00      1538.12      0.00     1.00       0.0000    0.0000
   4860.00      1538.30      0.00     1.00       0.0000    0.0000
   4870.00      1538.49      0.00     1.00       0.0000    0.0000
   4880.00      1538.67      0.00     1.00       0.0000    0.0000
   4890.00      1538.86      0.00     1.00       0.0000    0.0000
   4900.00      1539.04      0.00     1.00       0.0000    0.0000
   4910.00      1539.23      0.00     1.00       0.0000    0.0000
   4920.00      1539.41      0.00     1.00       0.0000    0.0000
   4930.00      1539.60      0.00     1.00       0.0000    0.0000
   4940.00      1539.78      0.00     1.00       0.0000    0.0000
   4950.00      1539.97      0.00     1.00       0.0000    0.0000
   4960.00      1540.15      0.00     1.00       0.0000    0.0000
   4970.00      1540.34      0.00     1.00       0.0000    0.0000
   4980.00      1540.52      0.00     1.00       0.0000    0.0000
   4990.00      1540.71      0.00     1.00       0.0000    0.0000
   5000.00      1540.89      0.00     1.00       0.0000    0.0000
   5010.00      1541.08      0.00     1.00       0.0000    0.0000
   5020.00      1541.26      0.00     1.00       0.0000    0.0000
   5030.00      1541.45      0.00     1.00       0.0000    0.0000

                                 ( RMS roughness =   0.00     )
     ACOUSTO-ELASTIC half-space
   5030.00      5800.00   3200.00     2.60       0.0000    0.0000

 cLow = 1300.0    m/s      cHigh = 2000.0    m/s
 RMax =    0.0000000000000000     

 Number of sources   =            1
 Source depths (m)
   500.000    

 Number of receivers =          400
 Receiver depths (m)
   0.00000       20.0501       40.1003       60.1504       80.2005    
   100.251       120.301       140.351       160.401       180.451    
   200.501       220.551       240.602       260.652       280.702    
   300.752       320.802       340.852       360.902       380.952    
   401.003    
  ...    8000.00000    

 *** WARNING ***
 Generated by program or subroutine: SdRdRMod
 Receiver below the bottom bdry has been moved up


 *** WARNING ***
 Generated by program or subroutine: SdRdRMod
 Receiver below the bottom bdry has been moved up


 *** WARNING ***
 Generated by program or subroutine: SdRdRMod
 Receiver below the bottom bdry has been moved up


 *** WARNING ***
 Generated by program or subroutine: SdRdRMod
 Receiver below the bottom bdry has been moved up


 *** WARNING ***
 Generated by program or subroutine: SdRdRMod
 Receiver below the bottom bdry has been moved up


 *** WARNING ***
 Generated by program or subroutine: SdRdRMod
 Receiver below the bottom bdry has been moved up


 *** WARNING ***
 Generated by program or subroutine: SdRdRMod
 Receiver below the bottom bdry has been moved up


 *** WARNING ***
 Generated by program or subroutine: SdRdRMod
 Receiver below the bottom bdry has been moved up


 *** WARNING ***
 Generated by program or subroutine: SdRdRMod
 Receiver below the bottom bdry has been moved up


 *** WARNING ***
 Generated by program or subroutine: SdRdRMod
 Receiver below the bottom bdry has been moved up


 *** WARNING ***
 Generated by program or subroutine: SdRdRMod
 Receiver below the bottom bdry has been moved up


 *** WARNING ***
 Generated by program or subroutine: SdRdRMod
 Receiver below the bottom bdry has been moved up


 *** WARNING ***
 Generated by program or subroutine: SdRdRMod
 Receiver below the bottom bdry has been moved up


 *** WARNING ***
 Generated by program or subroutine: SdRdRMod
 Receiver below the bottom bdry has been moved up


 *** WARNING ***
 Generated by program or subroutine: SdRdRMod
 Receiver below the bottom bdry has been moved up


 *** WARNING ***
 Generated by program or subroutine: SdRdRMod
 Receiver below the bottom bdry has been moved up


 *** WARNING ***
 Generated by program or subroutine: SdRdRMod
 Receiver below the bottom bdry has been moved up


 *** WARNING ***
 Generated by program or subroutine: SdRdRMod
 Receiver below the bottom bdry has been moved up


 *** WARNING ***
 Generated by program or subroutine: SdRdRMod
 Receiver below the bottom bdry has been moved up


 *** WARNING ***
 Generated by program or subroutine: SdRdRMod
 Receiver below the bottom bdry has been moved up


 *** WARNING ***
 Generated by program or subroutine: SdRdRMod
 Receiver below the bottom bdry has been moved up


 *** WARNING ***
 Generated by program or subroutine: SdRdRMod
 Receiver below the bottom bdry has been moved up


 *** WARNING ***
 Generated by program or subroutine: SdRdRMod
 Receiver below the bottom bdry has been moved up


 *** WARNING ***
 Generated by program or subroutine: SdRdRMod
 Receiver below the bottom bdry has been moved up


 *** WARNING ***
 Generated by program or subroutine: SdRdRMod
 Receiver below the bottom bdry has been moved up


 *** WARNING ***
 Generated by program or subroutine: SdRdRMod
 Receiver below the bottom bdry has been moved up


 *** WARNING ***
 Generated by program or subroutine: SdRdRMod
 Receiver below the bottom bdry has been moved up


 *** WARNING ***
 Generated by program or subroutine: SdRdRMod
 Receiver below the bottom bdry has been moved up


 *** WARNING ***
 Generated by program or subroutine: SdRdRMod
 Receiver below the bottom bdry has been moved up


 *** WARNING ***
 Generated by program or subroutine: SdRdRMod
 Receiver below the bottom bdry has been moved up


 *** WARNING ***
 Generated by program or subroutine: SdRdRMod
 Receiver below the bottom bdry has been moved up


 *** WARNING ***
 Generated by program or subroutine: SdRdRMod
 Receiver below the bottom bdry has been moved up


 *** WARNING ***
 Generated by program or subroutine: SdRdRMod
 Receiver below the bottom bdry has been moved up


 *** WARNING ***
 Generated by program or subroutine: SdRdRMod
 Receiver below the bottom bdry has been moved up


 *** WARNING ***
 Generated by program or subroutine: SdRdRMod
 Receiver below the bottom bdry has been moved up


 *** WARNING ***
 Generated by program or subroutine: SdRdRMod
 Receiver below the bottom bdry has been moved up


 *** WARNING ***
 Generated by program or subroutine: SdRdRMod
 Receiver below the bottom bdry has been moved up


 *** WARNING ***
 Generated by program or subroutine: SdRdRMod
 Receiver below the bottom bdry has been moved up


 *** WARNING ***
 Generated by program or subroutine: SdRdRMod
 Receiver below the bottom bdry has been moved up


 *** WARNING ***
 Generated by program or subroutine: SdRdRMod
 Receiver below the bottom bdry has been moved up


 *** WARNING ***
 Generated by program or subroutine: SdRdRMod
 Receiver below the bottom bdry has been moved up


 *** WARNING ***
 Generated by program or subroutine: SdRdRMod
 Receiver below the bottom bdry has been moved up


 *** WARNING ***
 Generated by program or subroutine: SdRdRMod
 Receiver below the bottom bdry has been moved up


 *** WARNING ***
 Generated by program or subroutine: SdRdRMod
 Receiver below the bottom bdry has been moved up


 *** WARNING ***
 Generated by program or subroutine: SdRdRMod
 Receiver below the bottom bdry has been moved up


 *** WARNING ***
 Generated by program or subroutine: SdRdRMod
 Receiver below the bottom bdry has been moved up


 *** WARNING ***
 Generated by program or subroutine: SdRdRMod
 Receiver below the bottom bdry has been moved up


 *** WARNING ***
 Generated by program or subroutine: SdRdRMod
 Receiver below the bottom bdry has been moved up


 *** WARNING ***
 Generated by program or subroutine: SdRdRMod
 Receiver below the bottom bdry has been moved up


 *** WARNING ***
 Generated by program or subroutine: SdRdRMod
 Receiver below the bottom bdry has been moved up


 *** WARNING ***
 Generated by program or subroutine: SdRdRMod
 Receiver below the bottom bdry has been moved up


 *** WARNING ***
 Generated by program or subroutine: SdRdRMod
 Receiver below the bottom bdry has been moved up


 *** WARNING ***
 Generated by program or subroutine: SdRdRMod
 Receiver below the bottom bdry has been moved up


 *** WARNING ***
 Generated by program or subroutine: SdRdRMod
 Receiver below the bottom bdry has been moved up


 *** WARNING ***
 Generated by program or subroutine: SdRdRMod
 Receiver below the bottom bdry has been moved up


 *** WARNING ***
 Generated by program or subroutine: SdRdRMod
 Receiver below the bottom bdry has been moved up


 *** WARNING ***
 Generated by program or subroutine: SdRdRMod
 Receiver below the bottom bdry has been moved up


 *** WARNING ***
 Generated by program or subroutine: SdRdRMod
 Receiver below the bottom bdry has been moved up


 *** WARNING ***
 Generated by program or subroutine: SdRdRMod
 Receiver below the bottom bdry has been moved up


 *** WARNING ***
 Generated by program or subroutine: SdRdRMod
 Receiver below the bottom bdry has been moved up


 *** WARNING ***
 Generated by program or subroutine: SdRdRMod
 Receiver below the bottom bdry has been moved up


 *** WARNING ***
 Generated by program or subroutine: SdRdRMod
 Receiver below the bottom bdry has been moved up


 *** WARNING ***
 Generated by program or subroutine: SdRdRMod
 Receiver below the bottom bdry has been moved up


 *** WARNING ***
 Generated by program or subroutine: SdRdRMod
 Receiver below the bottom bdry has been moved up


 *** WARNING ***
 Generated by program or subroutine: SdRdRMod
 Receiver below the bottom bdry has been moved up


 *** WARNING ***
 Generated by program or subroutine: SdRdRMod
 Receiver below the bottom bdry has been moved up


 *** WARNING ***
 Generated by program or subroutine: SdRdRMod
 Receiver below the bottom bdry has been moved up


 *** WARNING ***
 Generated by program or subroutine: SdRdRMod
 Receiver below the bottom bdry has been moved up


 *** WARNING ***
 Generated by program or subroutine: SdRdRMod
 Receiver below the bottom bdry has been moved up


 *** WARNING ***
 Generated by program or subroutine: SdRdRMod
 Receiver below the bottom bdry has been moved up


 *** WARNING ***
 Generated by program or subroutine: SdRdRMod
 Receiver below the bottom bdry has been moved up


 *** WARNING ***
 Generated by program or subroutine: SdRdRMod
 Receiver below the bottom bdry has been moved up


 *** WARNING ***
 Generated by program or subroutine: SdRdRMod
 Receiver below the bottom bdry has been moved up


 *** WARNING ***
 Generated by program or subroutine: SdRdRMod
 Receiver below the bottom bdry has been moved up


 *** WARNING ***
 Generated by program or subroutine: SdRdRMod
 Receiver below the bottom bdry has been moved up


 *** WARNING ***
 Generated by program or subroutine: SdRdRMod
 Receiver below the bottom bdry has been moved up


 *** WARNING ***
 Generated by program or subroutine: SdRdRMod
 Receiver below the bottom bdry has been moved up


 *** WARNING ***
 Generated by program or subroutine: SdRdRMod
 Receiver below the bottom bdry has been moved up


 *** WARNING ***
 Generated by program or subroutine: SdRdRMod
 Receiver below the bottom bdry has been moved up


 *** WARNING ***
 Generated by program or subroutine: SdRdRMod
 Receiver below the bottom bdry has been moved up


 *** WARNING ***
 Generated by program or subroutine: SdRdRMod
 Receiver below the bottom bdry has been moved up


 *** WARNING ***
 Generated by program or subroutine: SdRdRMod
 Receiver below the bottom bdry has been moved up


 *** WARNING ***
 Generated by program or subroutine: SdRdRMod
 Receiver below the bottom bdry has been moved up


 *** WARNING ***
 Generated by program or subroutine: SdRdRMod
 Receiver below the bottom bdry has been moved up


 *** WARNING ***
 Generated by program or subroutine: SdRdRMod
 Receiver below the bottom bdry has been moved up


 *** WARNING ***
 Generated by program or subroutine: SdRdRMod
 Receiver below the bottom bdry has been moved up


 *** WARNING ***
 Generated by program or subroutine: SdRdRMod
 Receiver below the bottom bdry has been moved up


 *** WARNING ***
 Generated by program or subroutine: SdRdRMod
 Receiver below the bottom bdry has been moved up


 *** WARNING ***
 Generated by program or subroutine: SdRdRMod
 Receiver below the bottom bdry has been moved up


 *** WARNING ***
 Generated by program or subroutine: SdRdRMod
 Receiver below the bottom bdry has been moved up


 *** WARNING ***
 Generated by program or subroutine: SdRdRMod
 Receiver below the bottom bdry has been moved up


 *** WARNING ***
 Generated by program or subroutine: SdRdRMod
 Receiver below the bottom bdry has been moved up


 *** WARNING ***
 Generated by program or subroutine: SdRdRMod
 Receiver below the bottom bdry has been moved up


 *** WARNING ***
 Generated by program or subroutine: SdRdRMod
 Receiver below the bottom bdry has been moved up


 *** WARNING ***
 Generated by program or subroutine: SdRdRMod
 Receiver below the bottom bdry has been moved up


 *** WARNING ***
 Generated by program or subroutine: SdRdRMod
 Receiver below the bottom bdry has been moved up


 *** WARNING ***
 Generated by program or subroutine: SdRdRMod
 Receiver below the bottom bdry has been moved up


 *** WARNING ***
 Generated by program or subroutine: SdRdRMod
 Receiver below the bottom bdry has been moved up


 *** WARNING ***
 Generated by program or subroutine: SdRdRMod
 Receiver below the bottom bdry has been moved up


 *** WARNING ***
 Generated by program or subroutine: SdRdRMod
 Receiver below the bottom bdry has been moved up


 *** WARNING ***
 Generated by program or subroutine: SdRdRMod
 Receiver below the bottom bdry has been moved up


 *** WARNING ***
 Generated by program or subroutine: SdRdRMod
 Receiver below the bottom bdry has been moved up


 *** WARNING ***
 Generated by program or subroutine: SdRdRMod
 Receiver below the bottom bdry has been moved up


 *** WARNING ***
 Generated by program or subroutine: SdRdRMod
 Receiver below the bottom bdry has been moved up


 *** WARNING ***
 Generated by program or subroutine: SdRdRMod
 Receiver below the bottom bdry has been moved up


 *** WARNING ***
 Generated by program or subroutine: SdRdRMod
 Receiver below the bottom bdry has been moved up


 *** WARNING ***
 Generated by program or subroutine: SdRdRMod
 Receiver below the bottom bdry has been moved up


 *** WARNING ***
 Generated by program or subroutine: SdRdRMod
 Receiver below the bottom bdry has been moved up


 *** WARNING ***
 Generated by program or subroutine: SdRdRMod
 Receiver below the bottom bdry has been moved up


 *** WARNING ***
 Generated by program or subroutine: SdRdRMod
 Receiver below the bottom bdry has been moved up


 *** WARNING ***
 Generated by program or subroutine: SdRdRMod
 Receiver below the bottom bdry has been moved up


 *** WARNING ***
 Generated by program or subroutine: SdRdRMod
 Receiver below the bottom bdry has been moved up


 *** WARNING ***
 Generated by program or subroutine: SdRdRMod
 Receiver below the bottom bdry has been moved up


 *** WARNING ***
 Generated by program or subroutine: SdRdRMod
 Receiver below the bottom bdry has been moved up


 *** WARNING ***
 Generated by program or subroutine: SdRdRMod
 Receiver below the bottom bdry has been moved up


 *** WARNING ***
 Generated by program or subroutine: SdRdRMod
 Receiver below the bottom bdry has been moved up


 *** WARNING ***
 Generated by program or subroutine: SdRdRMod
 Receiver below the bottom bdry has been moved up


 *** WARNING ***
 Generated by program or subroutine: SdRdRMod
 Receiver below the bottom bdry has been moved up


 *** WARNING ***
 Generated by program or subroutine: SdRdRMod
 Receiver below the bottom bdry has been moved up


 *** WARNING ***
 Generated by program or subroutine: SdRdRMod
 Receiver below the bottom bdry has been moved up


 *** WARNING ***
 Generated by program or subroutine: SdRdRMod
 Receiver below the bottom bdry has been moved up


 *** WARNING ***
 Generated by program or subroutine: SdRdRMod
 Receiver below the bottom bdry has been moved up


 *** WARNING ***
 Generated by program or subroutine: SdRdRMod
 Receiver below the bottom bdry has been moved up


 *** WARNING ***
 Generated by program or subroutine: SdRdRMod
 Receiver below the bottom bdry has been moved up


 *** WARNING ***
 Generated by program or subroutine: SdRdRMod
 Receiver below the bottom bdry has been moved up


 *** WARNING ***
 Generated by program or subroutine: SdRdRMod
 Receiver below the bottom bdry has been moved up


 *** WARNING ***
 Generated by program or subroutine: SdRdRMod
 Receiver below the bottom bdry has been moved up


 *** WARNING ***
 Generated by program or subroutine: SdRdRMod
 Receiver below the bottom bdry has been moved up


 *** WARNING ***
 Generated by program or subroutine: SdRdRMod
 Receiver below the bottom bdry has been moved up


 *** WARNING ***
 Generated by program or subroutine: SdRdRMod
 Receiver below the bottom bdry has been moved up


 *** WARNING ***
 Generated by program or subroutine: SdRdRMod
 Receiver below the bottom bdry has been moved up


 *** WARNING ***
 Generated by program or subroutine: SdRdRMod
 Receiver below the bottom bdry has been moved up


 *** WARNING ***
 Generated by program or subroutine: SdRdRMod
 Receiver below the bottom bdry has been moved up


 *** WARNING ***
 Generated by program or subroutine: SdRdRMod
 Receiver below the bottom bdry has been moved up


 *** WARNING ***
 Generated by program or subroutine: SdRdRMod
 Receiver below the bottom bdry has been moved up


 *** WARNING ***
 Generated by program or subroutine: SdRdRMod
 Receiver below the bottom bdry has been moved up


 *** WARNING ***
 Generated by program or subroutine: SdRdRMod
 Receiver below the bottom bdry has been moved up


 *** WARNING ***
 Generated by program or subroutine: SdRdRMod
 Receiver below the bottom bdry has been moved up


 *** WARNING ***
 Generated by program or subroutine: SdRdRMod
 Receiver below the bottom bdry has been moved up


 *** WARNING ***
 Generated by program or subroutine: SdRdRMod
 Receiver below the bottom bdry has been moved up


 *** WARNING ***
 Generated by program or subroutine: SdRdRMod
 Receiver below the bottom bdry has been moved up


 *** WARNING ***
 Generated by program or subroutine: SdRdRMod
 Receiver below the bottom bdry has been moved up


 *** WARNING ***
 Generated by program or subroutine: SdRdRMod
 Receiver below the bottom bdry has been moved up


 *** WARNING ***
 Generated by program or subroutine: SdRdRMod
 Receiver below the bottom bdry has been moved up


 *** WARNING ***
 Generated by program or subroutine: SdRdRMod
 Receiver below the bottom bdry has been moved up


 *** WARNING ***
 Generated by program or subroutine: SdRdRMod
 Receiver below the bottom bdry has been moved up


 *** WARNING ***
 Generated by program or subroutine: SdRdRMod
 Receiver below the bottom bdry has been moved up


 *** WARNING ***
 Generated by program or subroutine: SdRdRMod
 Receiver below the bottom bdry has been moved up


 *** WARNING ***
 Generated by program or subroutine: SdRdRMod
 Receiver below the bottom bdry has been moved up


 Mesh multiplier   CPU seconds
 Max. number of restarts in root finder, MaxTries =            1
        1            0.872E-02s

    I          k             alpha          Phase Speed       Group Speed
    1  0.4230202901E-01   0.000000000       1485.315351       1482.677480    
    2  0.4216713294E-01   0.000000000       1490.066995       1482.647851    
    3  0.4202900805E-01   0.000000000       1494.963978       1482.838366    
    4  0.4189422662E-01   0.000000000       1499.773552       1483.351683    
    5  0.4176372844E-01   0.000000000       1504.459861       1483.995354    
    6  0.4163761807E-01   0.000000000       1509.016509       1484.714169    
    7  0.4151551643E-01   0.000000000       1513.454691       1485.480140    
    8  0.4139704898E-01   0.000000000       1517.785799       1486.269015    
    9  0.4128179737E-01   0.000000000       1522.023193       1487.061152    
   10  0.4116950655E-01   0.000000000       1526.174549       1487.996519    
   11  0.4106149587E-01   0.000000000       1530.189092       1491.349654    
   12  0.4097920150E-01   0.000000000       1533.262015       1520.119564    
   13  0.4091785840E-01   0.000000000       1535.560646       1502.693888    
   14  0.4080881273E-01   0.000000000       1539.663834       1485.171509    
   15  0.4068206632E-01   0.000000000       1544.460711       1478.284946    
   16  0.4054378077E-01   0.000000000       1549.728513       1472.121735    
   17  0.4039449061E-01   0.000000000       1555.456007       1465.893290    
   18  0.4023435936E-01   0.000000000       1561.646664       1459.429082    
   19  0.4006327443E-01   0.000000000       1568.315470       1452.665879    
   20  0.3988132245E-01   0.000000000       1575.470652       1445.622067    
   21  0.3968831918E-01   0.000000000       1583.132125       1438.211889    
   22  0.3948423092E-01   0.000000000       1591.315105       1430.472431    
   23  0.3926885894E-01   0.000000000       1600.042751       1422.357324    
   24  0.3904214176E-01   0.000000000       1609.334177       1413.872628    
   25  0.3880380846E-01   0.000000000       1619.218720       1405.005073    
   26  0.3855375886E-01   0.000000000       1629.720549       1395.735588    
   27  0.3829173207E-01   0.000000000       1640.872577       1386.071304    
   28  0.3801750361E-01   0.000000000       1652.708545       1375.981499    
   29  0.3773088079E-01   0.000000000       1665.263353       1365.468672    
   30  0.3743150277E-01   0.000000000       1678.582168       1354.520123    
   31  0.3711914765E-01   0.000000000       1692.707324       1343.111657    
   32  0.3679347127E-01   0.000000000       1707.690275       1331.250620    
   33  0.3645410081E-01   0.000000000       1723.588065       1318.909806    
   34  0.3610073276E-01   0.000000000       1740.459217       1306.072797    
   35  0.3573289868E-01   0.000000000       1758.375486       1292.738846    
   36  0.3535015467E-01   0.000000000       1777.413809       1278.880213    
   37  0.3495209413E-01   0.000000000       1797.656325       1264.479330    
   38  0.3453812762E-01   0.000000000       1819.202643       1249.528633    
   39  0.3410770184E-01   0.000000000       1842.160265       1233.997543    
   40  0.3366021779E-01   0.000000000       1866.650224       1217.868467    
   41  0.3319503239E-01   0.000000000       1892.808910       1201.123344    
   42  0.3271131411E-01   0.000000000       1920.798806       1183.733656    
   43  0.3220833664E-01   0.000000000       1950.794720       1165.674112    
   44  0.3168517624E-01   0.000000000       1983.004689       1146.920578    
 _________________________________________________

 End of environmental file
